<?xml version="1.0" encoding="UTF-8"?>
<!-- Generated by org.testng.reporters.JUnitReportReporter -->
<testsuite skipped="0" hostname="dckap-PC" name="testcase.TC002_EditLead" tests="2" failures="0" timestamp="05 Oct 2019 03:48:33 GMT" time="48.238" errors="0">
  <testcase name="editLead" time="21.057" classname="testcase.TC002_EditLead"/>
  <testcase name="editLead" time="27.181" classname="testcase.TC002_EditLead"/>
</testsuite> <!-- testcase.TC002_EditLead -->
