<?xml version="1.0" encoding="UTF-8"?>
<!-- Generated by org.testng.reporters.JUnitReportReporter -->
<testsuite skipped="0" hostname="dckap-PC" name="testcase.TC001_Login_Logout" tests="2" failures="0" timestamp="29 Sep 2019 06:55:30 GMT" time="31.701" errors="0">
  <testcase name="loginLogout" time="13.875" classname="testcase.TC001_Login_Logout"/>
  <testcase name="loginLogout" time="17.826" classname="testcase.TC001_Login_Logout"/>
</testsuite> <!-- testcase.TC001_Login_Logout -->
