<?xml version="1.0" encoding="UTF-8"?>
<!-- Generated by org.testng.reporters.JUnitReportReporter -->
<testsuite skipped="0" hostname="dckap-PC" name="testcase.TC001_CreateLead" tests="2" failures="0" timestamp="29 Sep 2019 07:04:47 GMT" time="31.886" errors="0">
  <testcase name="createLead" time="15.206" classname="testcase.TC001_CreateLead"/>
  <testcase name="createLead" time="16.680" classname="testcase.TC001_CreateLead"/>
</testsuite> <!-- testcase.TC001_CreateLead -->
